(Cell	f size page

	(RevisionInfoBlock	

		(Baselined	1)

		(Revision	1.0.0)

		(ModificationStatus	NULL)

		(Status	Baselined)

		(ErrorStatus	1)

		(CreateInfo	

			(Time	03/06/05,16:47:39)

			(User	sureshg)

			(Path	standard.f size page)

		)

	)

	(Views	

		(View	Symbol

			(Symbols	1

				(Symbol	sym_1

					(Symbol_Type	Normal)

					(Max_Size	0)

					(Checksum	000000006738ea3d)

					(RevisionInfoBlock	

						(Baselined	1)

						(Revision	1.0.0)

						(ModificationStatus	NULL)

						(Status	Baselined)

						(ErrorStatus	1)

						(CreateInfo	

							(Time	03/06/05,16:47:39)

							(User	sureshg)

							(Path	standard.f size page)

						)

					)

				)

			)

			(Checksum	000000001bcc03b6)

		)

		(Checksum	000000001d9a03d5)

	)

	(VersionInfoBlock	

		(ToolName	PDV)

		(Version	15.50-d029)

		(License	PCB_librarian_expert)

	)

	(Checksum	000000001ca503ac)

)


