
	(Comment
		(Time 03/06/05,17:15:24)
		(User sureshg)
		(MsgId ECO_332)
		(Text "Revision for symbol sym_2 has been updated to 1.0.0")
		(Param1 sym_2)
		(Param2 1.0.0)
	)
	(Comment
		(Time 03/06/05,17:15:24)
		(User sureshg)
		(MsgId ECO_332)
		(Text "Revision for symbol sym_1 has been updated to 1.0.0")
		(Param1 sym_1)
		(Param2 1.0.0)
	)
	(Comment
		(Time 03/06/05,17:15:24)
		(User sureshg)
		(MsgId ECO_331)
		(Text "Revision for cell synonym has been updated to 1.0.0")
		(Param1 synonym)
		(Param2 1.0.0)
	)
