FILE_TYPE=LIBRARY_PARTS;
TIME=' Created/Modified on Mon Mar 19 14:01:19 2001' ;
primitive 'TLE2037','TLE2037_SOIC','TLE2037_CAN';
  pin
    'IN+':
      PIN_NUMBER='(3)';
      PIN_TYPE='ANALOG';
      NO_LOAD_CHECK='BOTH';
      NO_IO_CHECK='BOTH';
      ALLOW_CONNECT='TRUE';
      BIDIRECTIONAL='TRUE';
    'IN-':
      PIN_NUMBER='(2)';
      PIN_TYPE='ANALOG';
      NO_LOAD_CHECK='BOTH';
      NO_IO_CHECK='BOTH';
      ALLOW_CONNECT='TRUE';
      BIDIRECTIONAL='TRUE';
    'V+':
      PIN_NUMBER='(7)';
      PIN_TYPE='ANALOG';
      NO_LOAD_CHECK='BOTH';
      NO_IO_CHECK='BOTH';
      ALLOW_CONNECT='TRUE';
      BIDIRECTIONAL='TRUE';
    'V-':
      PIN_NUMBER='(4)';
      PIN_TYPE='ANALOG';
      NO_LOAD_CHECK='BOTH';
      NO_IO_CHECK='BOTH';
      ALLOW_CONNECT='TRUE';
      BIDIRECTIONAL='TRUE';
    'N1':
      PIN_NUMBER='(1)';
      PIN_TYPE='ANALOG';
      NO_LOAD_CHECK='BOTH';
      NO_IO_CHECK='BOTH';
      ALLOW_CONNECT='TRUE';
      BIDIRECTIONAL='TRUE';
    'N2':
      PIN_NUMBER='(8)';
      PIN_TYPE='ANALOG';
      NO_LOAD_CHECK='BOTH';
      NO_IO_CHECK='BOTH';
      ALLOW_CONNECT='TRUE';
      BIDIRECTIONAL='TRUE';
    'OUT':
      PIN_NUMBER='(6)';
      PIN_TYPE='ANALOG';
      NO_LOAD_CHECK='BOTH';
      NO_IO_CHECK='BOTH';
      ALLOW_CONNECT='TRUE';
      BIDIRECTIONAL='TRUE';
  end_pin;
  body
    NC_PINS='(5)';
    CLASS='IC';
    PART_NAME='TLE2037';
    PHYS_DES_PREFIX='U';
  end_body;
end_primitive;
END.
