(Cell	cadence a size page

	(RevisionInfoBlock	

		(Baselined	1)

		(Revision	1.0.0)

		(ModificationStatus	NULL)

		(Status	Baselined)

		(ErrorStatus	1)

		(CreateInfo	

			(Time	03/06/05,16:35:08)

			(User	sureshg)

			(Path	standard.cadence a size page)

		)

	)

	(Views	

		(View	Symbol

			(Symbols	2

				(Symbol	sym_2

					(Symbol_Type	Normal)

					(Max_Size	0)

					(Checksum	00000000d8afe4ba)

					(RevisionInfoBlock	

						(Baselined	1)

						(Revision	1.0.0)

						(ModificationStatus	NULL)

						(Status	Baselined)

						(ErrorStatus	1)

						(CreateInfo	

							(Time	03/06/05,16:35:08)

							(User	sureshg)

							(Path	standard.cadence a size page)

						)

					)

				)

				(Symbol	sym_1

					(Symbol_Type	Normal)

					(Max_Size	0)

					(Checksum	000000003e67e135)

					(RevisionInfoBlock	

						(Baselined	1)

						(Revision	1.0.0)

						(ModificationStatus	NULL)

						(Status	Baselined)

						(ErrorStatus	1)

						(CreateInfo	

							(Time	03/06/05,16:35:08)

							(User	sureshg)

							(Path	standard.cadence a size page)

						)

					)

				)

			)

			(Checksum	000000001b7603b5)

		)

		(Checksum	000000001bb0037b)

	)

	(VersionInfoBlock	

		(ToolName	PDV)

		(Version	15.50-d029)

		(License	PCB_librarian_expert)

	)

	(Checksum	000000001c6b03a2)

)


