(Cell	p1_5v

	(RevisionInfoBlock	

		(Baselined	1)

		(Revision	1.0.0)

		(ModificationStatus	NULL)

		(Status	Baselined)

		(ErrorStatus	0)

		(CreateInfo	

			(Time	01/27/06,13:35:56)

			(User	chimike)

			(Path	dwg_sym.p1_5v)

		)

	)

	(Views	

		(View	Symbol

			(Symbols	1

				(Symbol	sym_1

					(Symbol_Type	Sizable)

					(Max_Size	0)

					(Checksum	0000000083803706)

					(RevisionInfoBlock	

						(Baselined	1)

						(Revision	1.0.0)

						(ModificationStatus	NULL)

						(Status	Baselined)

						(ErrorStatus	0)

						(CreateInfo	

							(Time	01/27/06,13:35:56)

							(User	chimike)

							(Path	dwg_sym.p1_5v)

						)

					)

				)

			)

			(Checksum	000000001a3c0324)

		)

		(Checksum	000000001c110372)

	)

	(VersionInfoBlock	

		(ToolName	PDV)

		(Version	15.50-s004)

		(License	PCB_librarian_expert)

	)

	(Checksum	000000001b210343)

)


(Cell	p1_5v

	(RevisionInfoBlock	

		(Baselined	1)

		(Revision	1.0.0)

		(ModificationStatus	NULL)

		(Status	Baselined)

		(ErrorStatus	0)

		(CreateInfo	

			(Time	01/27/06,13:35:56)

			(User	chimike)

			(Path	dwg_sym.p1_5v)

		)

	)

	(Views	

		(View	Symbol

			(Symbols	1

				(Symbol	sym_1

					(Symbol_Type	Sizable)

					(Max_Size	0)

					(Checksum	0000000075413761)

					(RevisionInfoBlock	

						(Baselined	1)

						(Revision	1.0.0)

						(ModificationStatus	NULL)

						(Status	Baselined)

						(ErrorStatus	0)

						(CreateInfo	

							(Time	01/27/06,13:35:56)

							(User	chimike)

							(Path	dwg_sym.p1_5v)

						)

					)

				)

			)

			(Checksum	000000001a360323)

		)

		(Checksum	000000001b2f0344)

	)

	(VersionInfoBlock	

		(ToolName	PDV)

		(Version	15.50-s007)

		(License	PCB_librarian_expert)

	)

	(Checksum	000000001c250377)

)


(Cell	p1_5v

	(RevisionInfoBlock	

		(Baselined	1)

		(Revision	1.0.0)

		(ModificationStatus	NULL)

		(Status	Baselined)

		(ErrorStatus	0)

		(CreateInfo	

			(Time	01/27/06,13:35:56)

			(User	chimike)

			(Path	dwg_sym.p1_5v)

		)

	)

	(Views	

		(View	Symbol

			(Symbols	1

				(Symbol	sym_1

					(Symbol_Type	Sizable)

					(Max_Size	0)

					(Checksum	0000000075413761)

					(RevisionInfoBlock	

						(Baselined	1)

						(Revision	1.0.0)

						(ModificationStatus	NULL)

						(Status	Baselined)

						(ErrorStatus	0)

						(CreateInfo	

							(Time	01/27/06,13:35:56)

							(User	chimike)

							(Path	dwg_sym.p1_5v)

						)

					)

				)

			)

			(Checksum	000000001a360323)

		)

		(Checksum	000000001b2f0344)

	)

	(VersionInfoBlock	

		(ToolName	PDV)

		(Version	15.50-s007)

		(License	PCB_librarian_expert)

	)

	(Checksum	000000001c250377)

)


(Cell	p1_5v

	(RevisionInfoBlock	

		(Baselined	1)

		(Revision	1.0.0)

		(ModificationStatus	NULL)

		(Status	Baselined)

		(ErrorStatus	0)

		(CreateInfo	

			(Time	01/27/06,13:35:56)

			(User	chimike)

			(Path	dwg_sym.p1_5v)

		)

	)

	(Views	

		(View	Symbol

			(Symbols	1

				(Symbol	sym_1

					(Symbol_Type	Sizable)

					(Max_Size	0)

					(Checksum	0000000075413761)

					(RevisionInfoBlock	

						(Baselined	1)

						(Revision	1.0.0)

						(ModificationStatus	NULL)

						(Status	Baselined)

						(ErrorStatus	0)

						(CreateInfo	

							(Time	01/27/06,13:35:56)

							(User	chimike)

							(Path	dwg_sym.p1_5v)

						)

					)

				)

			)

			(Checksum	000000001a360323)

		)

		(Checksum	000000001b2f0344)

	)

	(VersionInfoBlock	

		(ToolName	PDV)

		(Version	Unreleased)

		(License	PCB_librarian_expert)

	)

	(Checksum	000000001c250377)

)


