
	(Comment
		(Time 03/06/05,16:36:20)
		(User sureshg)
		(MsgId ECO_332)
		(Text "Revision for symbol sym_3 has been updated to 1.0.0")
		(Param1 sym_3)
		(Param2 1.0.0)
	)
	(Comment
		(Time 03/06/05,16:36:20)
		(User sureshg)
		(MsgId ECO_332)
		(Text "Revision for symbol sym_2 has been updated to 1.0.0")
		(Param1 sym_2)
		(Param2 1.0.0)
	)
	(Comment
		(Time 03/06/05,16:36:20)
		(User sureshg)
		(MsgId ECO_332)
		(Text "Revision for symbol sym_1 has been updated to 1.0.0")
		(Param1 sym_1)
		(Param2 1.0.0)
	)
	(Comment
		(Time 03/06/05,16:36:20)
		(User sureshg)
		(MsgId ECO_331)
		(Text "Revision for cell cadence b size page has been updated to 1.0.0")
		(Param1 cadence b size page)
		(Param2 1.0.0)
	)
