FILE_TYPE=LIBRARY_PARTS;
primitive 'EPF8282A','EPF8282A_PLCC';
  pin
    'BD'<0>:
      PIN_NUMBER='(25)';
      INPUT_LOAD='(-0.01,0.01)';
    'BD'<1>:
      PIN_NUMBER='(24)';
      INPUT_LOAD='(-0.01,0.01)';
    'BD'<2>:
      PIN_NUMBER='(23)';
      INPUT_LOAD='(-0.01,0.01)';
    'BD'<3>:
      PIN_NUMBER='(22)';
      INPUT_LOAD='(-0.01,0.01)';
    'BD'<4>:
      PIN_NUMBER='(21)';
      INPUT_LOAD='(-0.01,0.01)';
    'BD'<5>:
      PIN_NUMBER='(20)';
      INPUT_LOAD='(-0.01,0.01)';
    'BD'<6>:
      PIN_NUMBER='(19)';
      INPUT_LOAD='(-0.01,0.01)';
    'BD'<7>:
      PIN_NUMBER='(18)';
      INPUT_LOAD='(-0.01,0.01)';
    'DATA1':
      PIN_NUMBER='(13)';
      INPUT_LOAD='(-0.01,0.01)';
    'RESET':
      PIN_NUMBER='(15)';
      INPUT_LOAD='(-0.01,0.01)';
    'DATA2':
      PIN_NUMBER='(9)';
      INPUT_LOAD='(-0.01,0.01)';
    'DATA3':
      PIN_NUMBER='(8)';
      INPUT_LOAD='(-0.01,0.01)';
    'DATA4':
      PIN_NUMBER='(7)';
      INPUT_LOAD='(-0.01,0.01)';
    'DATA5':
      PIN_NUMBER='(6)';
      INPUT_LOAD='(-0.01,0.01)';
    'TDO':
      PIN_NUMBER='(27)';
      INPUT_LOAD='(-0.01,0.01)';
    'NCS':
      PIN_NUMBER='(29)';
      INPUT_LOAD='(-0.01,0.01)';
    'NWS':
      PIN_NUMBER='(30)';
      INPUT_LOAD='(-0.01,0.01)';
    'INPUTA':
      PIN_NUMBER='(55)';
      INPUT_LOAD='(-0.01,0.01)';
    'INPUTB':
      PIN_NUMBER='(54)';
      INPUT_LOAD='(-0.01,0.01)';
    'INPUTC':
      PIN_NUMBER='(12)';
      INPUT_LOAD='(-0.01,0.01)';
    'TDI':
      PIN_NUMBER='(73)';
      INPUT_LOAD='(-0.01,0.01)';
    'INPUT':
      PIN_NUMBER='(31)';
      INPUT_LOAD='(-0.01,0.01)';
    'NCONFIG':
      PIN_NUMBER='(33)';
      INPUT_LOAD='(-0.01,0.01)';
    'NSP':
      PIN_NUMBER='(75)';
      INPUT_LOAD='(-0.01,0.01)';
    'MSEL0':
      PIN_NUMBER='(74)';
      INPUT_LOAD='(-0.01,0.01)';
    'MSEL1':
      PIN_NUMBER='(53)';
      INPUT_LOAD='(-0.01,0.01)';
    'DATA0':
      PIN_NUMBER='(14)';
      INPUT_LOAD='(-0.01,0.01)';
    'DCLK':
      PIN_NUMBER='(10)';
      INPUT_LOAD='(-0.01,0.01)';
    'NSTATUS':
      PIN_NUMBER='(32)';
      INPUT_LOAD='(-0.01,0.01)';
    'CONF_DONE':
      PIN_NUMBER='(11)';
      INPUT_LOAD='(-0.01,0.01)';
    'I/O':
      PIN_NUMBER='(16)';
      INPUT_LOAD='(-0.01,0.01)';
    'TCK':
      PIN_NUMBER='(72)';
      INPUT_LOAD='(-0.01,0.01)';
    'NTRST':
      PIN_NUMBER='(52)';
      INPUT_LOAD='(-0.01,0.01)';
    'RD'<0>:
      PIN_NUMBER='(81)';
      INPUT_LOAD='(-0.01,0.01)';
      OUTPUT_TYPE='(TS,TS)';
      OUTPUT_LOAD='(1.0,-1.0)';
    'RD'<1>:
      PIN_NUMBER='(82)';
      INPUT_LOAD='(-0.01,0.01)';
      OUTPUT_TYPE='(TS,TS)';
      OUTPUT_LOAD='(1.0,-1.0)';
    'RD'<2>:
      PIN_NUMBER='(83)';
      INPUT_LOAD='(-0.01,0.01)';
      OUTPUT_TYPE='(TS,TS)';
      OUTPUT_LOAD='(1.0,-1.0)';
    'RD'<3>:
      PIN_NUMBER='(84)';
      INPUT_LOAD='(-0.01,0.01)';
      OUTPUT_TYPE='(TS,TS)';
      OUTPUT_LOAD='(1.0,-1.0)';
    'RD'<4>:
      PIN_NUMBER='(1)';
      INPUT_LOAD='(-0.01,0.01)';
      OUTPUT_TYPE='(TS,TS)';
      OUTPUT_LOAD='(1.0,-1.0)';
    'RD'<5>:
      PIN_NUMBER='(2)';
      INPUT_LOAD='(-0.01,0.01)';
      OUTPUT_TYPE='(TS,TS)';
      OUTPUT_LOAD='(1.0,-1.0)';
    'RD'<6>:
      PIN_NUMBER='(3)';
      INPUT_LOAD='(-0.01,0.01)';
      OUTPUT_TYPE='(TS,TS)';
      OUTPUT_LOAD='(1.0,-1.0)';
    'RD'<7>:
      PIN_NUMBER='(4)';
      INPUT_LOAD='(-0.01,0.01)';
      OUTPUT_TYPE='(TS,TS)';
      OUTPUT_LOAD='(1.0,-1.0)';
    'ADD18':
      PIN_NUMBER='(79)';
      OUTPUT_LOAD='(1.0,-1.0)';
    'ADD0':
      PIN_NUMBER='(78)';
      OUTPUT_LOAD='(1.0,-1.0)';
    'RDYNBUSY':
      PIN_NUMBER='(77)';
      OUTPUT_LOAD='(1.0,-1.0)';
    'ADD'<1>:
      PIN_NUMBER='(76)';
      OUTPUT_LOAD='(1.0,-1.0)';
    'ADD'<2>:
      PIN_NUMBER='(71)';
      OUTPUT_LOAD='(1.0,-1.0)';
    'ADD'<3>:
      PIN_NUMBER='(70)';
      OUTPUT_LOAD='(1.0,-1.0)';
    'ADD'<4>:
      PIN_NUMBER='(69)';
      OUTPUT_LOAD='(1.0,-1.0)';
    'ADD'<5>:
      PIN_NUMBER='(67)';
      OUTPUT_LOAD='(1.0,-1.0)';
    'ADD'<6>:
      PIN_NUMBER='(66)';
      OUTPUT_LOAD='(1.0,-1.0)';
    'ADD'<7>:
      PIN_NUMBER='(65)';
      OUTPUT_LOAD='(1.0,-1.0)';
    'ADD'<8>:
      PIN_NUMBER='(64)';
      OUTPUT_LOAD='(1.0,-1.0)';
    'ADD'<9>:
      PIN_NUMBER='(63)';
      OUTPUT_LOAD='(1.0,-1.0)';
    'ADD'<10>:
      PIN_NUMBER='(62)';
      OUTPUT_LOAD='(1.0,-1.0)';
    'ADD'<11>:
      PIN_NUMBER='(61)';
      OUTPUT_LOAD='(1.0,-1.0)';
    'ADD'<12>:
      PIN_NUMBER='(60)';
      OUTPUT_LOAD='(1.0,-1.0)';
    'ADD'<13>:
      PIN_NUMBER='(58)';
      OUTPUT_LOAD='(1.0,-1.0)';
    'ADD17':
      PIN_NUMBER='(51)';
      OUTPUT_LOAD='(1.0,-1.0)';
    'CLKUSR':
      PIN_NUMBER='(50)';
      OUTPUT_LOAD='(1.0,-1.0)';
    'RDCLK':
      PIN_NUMBER='(49)';
      OUTPUT_LOAD='(1.0,-1.0)';
    'NRS':
      PIN_NUMBER='(48)';
      OUTPUT_LOAD='(1.0,-1.0)';
    'ADD15':
      PIN_NUMBER='(56)';
      OUTPUT_LOAD='(1.0,-1.0)';
    'ADD14':
      PIN_NUMBER='(57)';
      OUTPUT_LOAD='(1.0,-1.0)';
    'VD'<0>:
      PIN_NUMBER='(39)';
      OUTPUT_LOAD='(1.0,-1.0)';
    'VD'<1>:
      PIN_NUMBER='(40)';
      OUTPUT_LOAD='(1.0,-1.0)';
    'VD'<2>:
      PIN_NUMBER='(41)';
      OUTPUT_LOAD='(1.0,-1.0)';
    'VD'<3>:
      PIN_NUMBER='(42)';
      OUTPUT_LOAD='(1.0,-1.0)';
    'VD'<4>:
      PIN_NUMBER='(43)';
      OUTPUT_LOAD='(1.0,-1.0)';
    'VD'<5>:
      PIN_NUMBER='(44)';
      OUTPUT_LOAD='(1.0,-1.0)';
    'VD'<6>:
      PIN_NUMBER='(45)';
      OUTPUT_LOAD='(1.0,-1.0)';
    'VD'<7>:
      PIN_NUMBER='(46)';
      OUTPUT_LOAD='(1.0,-1.0)';
    'VCLKA':
      PIN_NUMBER='(34)';
      OUTPUT_LOAD='(1.0,-1.0)';
    'VCLKB':
      PIN_NUMBER='(35)';
      OUTPUT_LOAD='(1.0,-1.0)';
    'ADD16':
      PIN_NUMBER='(36)';
      OUTPUT_LOAD='(1.0,-1.0)';
    'VCLKC':
      PIN_NUMBER='(37)';
      OUTPUT_LOAD='(1.0,-1.0)';
    'GAIN':
      PIN_NUMBER='(28)';
      OUTPUT_LOAD='(1.0,-1.0)';
  end_pin;
  body
    PART_NAME='EPF8282A';
    BODY_NAME='EPF8282A';
    PHYS_DES_PREFIX='U';
    CLASS='IC';
    POWER_PINS='(VCC:17,38,59,80)';
    POWER_PINS='(GND:5,26,47,68)';
  end_body;
end_primitive;

END.
