(---------------------------------------------------------------------)
(                                                                     )
(    Allegro Netrev Import Logic                                      )
(                                                                     )
(    Drawing          : V1.brd                                        )
(    Software Version : 25.1P001                                      )
(    Date/Time        : Wed Nov 12 00:42:56 2025                      )
(                                                                     )
(---------------------------------------------------------------------)


------ Directives ------------

Ripup etch:                  No
Ripup delete first segment:  No
Ripup retain bondwire:       No
Ripup symbols:               Always
Missing symbol has error:    No
DRC update:                  Yes
Schematic directory:         'C:/SPB_Data/safety_circuit_2025-26/logic/safety_circuit_2025-26'
Design Directory:            'C:/SPB_Data/safety_circuit_2025-26'
Old design name:             'V1.brd'
New design name:             'V1.brd'

CmdLine: netrev -$ -i C:/SPB_Data/safety_circuit_2025-26/logic/safety_circuit_2025-26 -y 1 -h -q netrev_constraint_report.xml C:/SPB_Data/safety_circuit_2025-26/#Taaaadb24960.tmp

------ Preparing to read pst files ------


#1   ERROR(24) File not found
     Packager files not found

#2   ERROR(102) Run stopped because errors were detected

netrev run on Nov 12 0:42:56 2025

   COMPILE 'logic'
   CHECK_PIN_NAMES OFF
   CROSS_REFERENCE OFF
   DIRECTORIES  <none>
   FEEDBACK OFF
   INCREMENTAL OFF
   INTERFACE_TYPE PHYSICAL
   LIBRARIES  'worklib' 'standard' 'rf_comp_lib' 'cdns_passives'
              'ultralibrarian' 'snapeda' 'capture'
   MASTER_LIBRARIES  <none>
   MAX_ERRORS 500
   MERGE_MINIMUM 5
   NET_NAME_CHARS '#%&()*+-./:=>?@[]^_`|'
   NET_NAME_LENGTH 31
   OVERSIGHTS ON
   REPLACE_CHECK OFF
   SINGLE_NODE_NETS ON
   SPLIT_MINIMUM 0
   SUPPRESS   20
   WARNINGS ON

  2 errors detected
 No oversight detected
 No warning detected

cpu time      0:02:21
elapsed time  0:00:00

