FILE_TYPE=LIBRARY_PARTS;
primitive 'FCT16245','FCT16245_SOIC';
  pin
    'A'<0>:
      PIN_NUMBER='(36,47)';
      INPUT_LOAD='(-0.01,0.01)';
    'A'<1>:
      PIN_NUMBER='(35,46)';
      INPUT_LOAD='(-0.01,0.01)';
    'A'<2>:
      PIN_NUMBER='(33,44)';
      INPUT_LOAD='(-0.01,0.01)';
    'A'<3>:
      PIN_NUMBER='(32,43)';
      INPUT_LOAD='(-0.01,0.01)';
    'A'<4>:
      PIN_NUMBER='(30,41)';
      INPUT_LOAD='(-0.01,0.01)';
    'A'<5>:
      PIN_NUMBER='(29,40)';
      INPUT_LOAD='(-0.01,0.01)';
    'A'<6>:
      PIN_NUMBER='(27,38)';
      INPUT_LOAD='(-0.01,0.01)';
    'A'<7>:
      PIN_NUMBER='(26,37)';
      INPUT_LOAD='(-0.01,0.01)';
    'B'<0>:
      PIN_NUMBER='(13,2)';
      OUTPUT_TYPE='(TS,TS)';
      BIDIRECTIONAL='TRUE';
      INPUT_LOAD='(-0.01,0.01)';
      OUTPUT_LOAD='(1.0,-1.0)';
    'B'<1>:
      PIN_NUMBER='(14,3)';
      OUTPUT_TYPE='(TS,TS)';
      BIDIRECTIONAL='TRUE';
      INPUT_LOAD='(-0.01,0.01)';
      OUTPUT_LOAD='(1.0,-1.0)';
    'B'<2>:
      PIN_NUMBER='(16,5)';
      OUTPUT_TYPE='(TS,TS)';
      BIDIRECTIONAL='TRUE';
      INPUT_LOAD='(-0.01,0.01)';
      OUTPUT_LOAD='(1.0,-1.0)';
    'B'<3>:
      PIN_NUMBER='(17,6)';
      OUTPUT_TYPE='(TS,TS)';
      BIDIRECTIONAL='TRUE';
      INPUT_LOAD='(-0.01,0.01)';
      OUTPUT_LOAD='(1.0,-1.0)';
    'B'<4>:
      PIN_NUMBER='(19,8)';
      OUTPUT_TYPE='(TS,TS)';
      BIDIRECTIONAL='TRUE';
      INPUT_LOAD='(-0.01,0.01)';
      OUTPUT_LOAD='(1.0,-1.0)';
    'B'<5>:
      PIN_NUMBER='(20,9)';
      OUTPUT_TYPE='(TS,TS)';
      BIDIRECTIONAL='TRUE';
      INPUT_LOAD='(-0.01,0.01)';
      OUTPUT_LOAD='(1.0,-1.0)';
    'B'<6>:
      PIN_NUMBER='(22,11)';
      OUTPUT_TYPE='(TS,TS)';
      BIDIRECTIONAL='TRUE';
      INPUT_LOAD='(-0.01,0.01)';
      OUTPUT_LOAD='(1.0,-1.0)';
    'B'<7>:
      PIN_NUMBER='(23,12)';
      OUTPUT_TYPE='(TS,TS)';
      BIDIRECTIONAL='TRUE';
      INPUT_LOAD='(-0.01,0.01)';
      OUTPUT_LOAD='(1.0,-1.0)';
    'DIR':
      PIN_NUMBER='(24,1)';
      INPUT_LOAD='(-0.01,0.01)';
    '-G':
      PIN_NUMBER='(25,48)';
      INPUT_LOAD='(-0.01,0.01)';
  end_pin;
  body
    PART_NAME='FCT16245';
    BODY_NAME='FCT16245';
    PHYS_DES_PREFIX='U';
    CLASS='IC';
    GROUND_NETS='GND';
    POWER_PINS='(VCC:4,10,18,21,28,34,39,45)';
    POWER_PINS='(GND:7,15,31,42)';
  end_body;
end_primitive;

END.
