(---------------------------------------------------------------------)
(                                                                     )
(    Auto Silkscreen Log File                                         )
(                                                                     )
(    Drawing          : V1.brd                                        )
(    Software Version : 25.1P001                                      )
(    Date/Time        : Wed Nov 26 15:29:35 2025                      )
(                                                                     )
(---------------------------------------------------------------------)


Generating Auto Silkscreen for both sides of the board.

Copying all elements.

Element to Pad clearance is 0.0000
Max Text displacement is 2.5400
Min Line Length is 0.0000
Allowing 0, 90, 180 and 270 degree text rotations.
Text Allowed Under Components.
Subclass Selections:
 Board Geometry       : Any
 Component Value      : Any
 Device Type          : Any
 Package Geometry     : Any
 Reference Designator : Any
 Tolerance            : Any
 User Part Number     : Any


     ----- Top Silkscreen -----

Text string 'TOL' is not at a suitable location
(location: 10.3650, 31.1100)
Text string 'ULTRALIBRARIAN#397730008#397730008' is not at a suitable location
(location: 79.8650, 31.1100)
Text string 'ULTRALIBRARIAN#150060SS75000#150060SS75000' is not at a suitable location
(location: 59.1350, 50.5000)
Text string 'TOL' is not at a suitable location
(location: 59.1350, 50.5000)
Text string 'ULTRALIBRARIAN#150060SS75000#150060SS75000' is not at a suitable location
(location: 62.1350, 50.5000)
Text string 'PN' is not at a suitable location
(location: 62.1350, 50.5000)
Text string 'VAL' is not at a suitable location
(location: 62.1350, 50.5000)
Text string 'TOL' is not at a suitable location
(location: 62.1350, 50.5000)
Text string 'ULTRALIBRARIAN#150060SS75000#150060SS75000' is not at a suitable location
(location: 65.1350, 50.5000)
Text string 'PN' is not at a suitable location
(location: 65.1350, 50.5000)
Text string 'VAL' is not at a suitable location
(location: 65.1350, 50.5000)
Text string 'TOL' is not at a suitable location
(location: 65.1350, 50.5000)
Text string 'ULTRALIBRARIAN#150060SS75000#150060SS75000' is not at a suitable location
(location: 68.1350, 50.5000)
Text string 'PN' is not at a suitable location
(location: 68.1350, 50.5000)
Text string 'VAL' is not at a suitable location
(location: 68.1350, 50.5000)
Text string 'TOL' is not at a suitable location
(location: 68.1350, 50.5000)
Text string 'ULTRALIBRARIAN#150060SS75000#150060SS75000' is not at a suitable location
(location: 71.1350, 50.5000)
Text string 'PN' is not at a suitable location
(location: 71.1350, 50.5000)
Text string 'VAL' is not at a suitable location
(location: 71.1350, 50.5000)
Text string 'TOL' is not at a suitable location
(location: 71.1350, 50.5000)
Text string 'PN' is not at a suitable location
(location: 74.1350, 50.5000)
Text string 'VAL' is not at a suitable location
(location: 74.1350, 50.5000)
Text string 'TOL' is not at a suitable location
(location: 74.1350, 50.5000)
Text string 'R14' is not at a suitable location
(location: 66.0230, 42.6350)
Text string 'ULTRALIBRARIAN#CMF55620R00FKEK#CMF55620R00FKEK' is not at a suitable location
(location: 66.0230, 42.6350)
Text string 'PN' is not at a suitable location
(location: 66.0230, 42.6350)
Text string 'VAL' is not at a suitable location
(location: 66.0230, 42.6350)
Text string 'TOL' is not at a suitable location
(location: 66.0230, 42.6350)
Text string 'R16' is not at a suitable location
(location: 66.0230, 38.1350)
Text string 'ULTRALIBRARIAN#CMF55620R00FKEK#CMF55620R00FKEK' is not at a suitable location
(location: 66.0230, 38.1350)
Text string 'PN' is not at a suitable location
(location: 66.0230, 38.1350)
Text string 'VAL' is not at a suitable location
(location: 66.0230, 38.1350)
Text string 'TOL' is not at a suitable location
(location: 66.0230, 38.1350)
Text string 'R18' is not at a suitable location
(location: 66.0230, 33.6350)
Text string 'ULTRALIBRARIAN#CMF55620R00FKEK#CMF55620R00FKEK' is not at a suitable location
(location: 66.0230, 33.6350)
Text string 'PN' is not at a suitable location
(location: 66.0230, 33.6350)
Text string 'VAL' is not at a suitable location
(location: 66.0230, 33.6350)
Text string 'TOL' is not at a suitable location
(location: 66.0230, 33.6350)
Text string 'R32' is not at a suitable location
(location: 66.0230, 29.1350)
Text string 'ULTRALIBRARIAN#CMF55620R00FKEK#CMF55620R00FKEK' is not at a suitable location
(location: 66.0230, 29.1350)
Text string 'PN' is not at a suitable location
(location: 66.0230, 29.1350)
Text string 'VAL' is not at a suitable location
(location: 66.0230, 29.1350)
Text string 'TOL' is not at a suitable location
(location: 66.0230, 29.1350)
Text string 'R34' is not at a suitable location
(location: 66.0230, 24.6350)
Text string 'ULTRALIBRARIAN#CMF55620R00FKEK#CMF55620R00FKEK' is not at a suitable location
(location: 66.0230, 24.6350)
Text string 'PN' is not at a suitable location
(location: 66.0230, 24.6350)
Text string 'VAL' is not at a suitable location
(location: 66.0230, 24.6350)
Text string 'TOL' is not at a suitable location
(location: 66.0230, 24.6350)
Text string 'ULTRALIBRARIAN#CMF55620R00FKEK#CMF55620R00FKEK' is not at a suitable location
(location: 66.0230, 20.1350)
Text string 'TOL' is not at a suitable location
(location: 66.0230, 20.1350)
Text string 'ULTRALIBRARIAN#VO618A_3X017T#VO618A_3X017T' is not at a suitable location
(location: 27.7350, 38.5000)
Text string 'ULTRALIBRARIAN#VO618A_3X017T#VO618A_3X017T' is not at a suitable location
(location: 34.4350, 38.5000)
Text string 'ULTRALIBRARIAN#VO618A_3X017T#VO618A_3X017T' is not at a suitable location
(location: 41.1350, 38.5000)
Text string 'VAL' is not at a suitable location
(location: 41.1350, 38.5000)
Text string 'TOL' is not at a suitable location
(location: 41.1350, 38.5000)
Text string 'ULTRALIBRARIAN#VO618A_3X017T#VO618A_3X017T' is not at a suitable location
(location: 41.1350, 23.5000)
Text string 'VAL' is not at a suitable location
(location: 41.1350, 23.5000)
Text string 'TOL' is not at a suitable location
(location: 41.1350, 23.5000)
Text string 'ULTRALIBRARIAN#VO618A_3X017T#VO618A_3X017T' is not at a suitable location
(location: 34.3850, 23.5000)
Text string 'ULTRALIBRARIAN#VO618A_3X017T#VO618A_3X017T' is not at a suitable location
(location: 27.6350, 23.5000)
Text string 'VAL' is not at a suitable location
(location: 27.6350, 23.5000)
Text string 'TOL' is not at a suitable location
(location: 27.6350, 23.5000)
Text string 'ULTRALIBRARIAN#MMBT2222A#MMBT2222A' is not at a suitable location
(location: 55.5000, 41.8650)
Text string 'VAL' is not at a suitable location
(location: 55.5000, 41.8650)
Text string 'TOL' is not at a suitable location
(location: 55.5000, 41.8650)
Text string 'ULTRALIBRARIAN#MMBT2222A#MMBT2222A' is not at a suitable location
(location: 55.5000, 37.1650)
Text string 'PN' is not at a suitable location
(location: 55.5000, 37.1650)
Text string 'VAL' is not at a suitable location
(location: 55.5000, 37.1650)
Text string 'TOL' is not at a suitable location
(location: 55.5000, 37.1650)
Text string 'ULTRALIBRARIAN#MMBT2222A#MMBT2222A' is not at a suitable location
(location: 55.5000, 32.4650)
Text string 'PN' is not at a suitable location
(location: 55.5000, 32.4650)
Text string 'VAL' is not at a suitable location
(location: 55.5000, 32.4650)
Text string 'TOL' is not at a suitable location
(location: 55.5000, 32.4650)
Text string 'U10' is not at a suitable location
(location: 55.5000, 27.7650)
Text string 'ULTRALIBRARIAN#MMBT2222A#MMBT2222A' is not at a suitable location
(location: 55.5000, 27.7650)
Text string 'VAL' is not at a suitable location
(location: 55.5000, 27.7650)
Text string 'TOL' is not at a suitable location
(location: 55.5000, 27.7650)
Text string 'U11' is not at a suitable location
(location: 55.5000, 23.0650)
Text string 'ULTRALIBRARIAN#MMBT2222A#MMBT2222A' is not at a suitable location
(location: 55.5000, 23.0650)
Text string 'VAL' is not at a suitable location
(location: 55.5000, 23.0650)
Text string 'TOL' is not at a suitable location
(location: 55.5000, 23.0650)
Text string 'ULTRALIBRARIAN#MMBT2222A#MMBT2222A' is not at a suitable location
(location: 55.5000, 18.3650)
Text string 'VAL' is not at a suitable location
(location: 55.5000, 18.3650)
Text string 'TOL' is not at a suitable location
(location: 55.5000, 18.3650)
Text string 'ULTRALIBRARIAN#CHP0805AFX_1001ELF#CHP0805AFX_1001ELF' is not at a suitable location
(location: 19.5000, 38.0650)
Text string 'PN' is not at a suitable location
(location: 19.5000, 38.0650)
Text string 'VAL' is not at a suitable location
(location: 19.5000, 38.0650)
Text string 'TOL' is not at a suitable location
(location: 19.5000, 38.0650)
Text string 'ULTRALIBRARIAN#CHP0805AFX_1001ELF#CHP0805AFX_1001ELF' is not at a suitable location
(location: 19.5000, 35.8650)
Text string 'PN' is not at a suitable location
(location: 19.5000, 35.8650)
Text string 'VAL' is not at a suitable location
(location: 19.5000, 35.8650)
Text string 'TOL' is not at a suitable location
(location: 19.5000, 35.8650)
Text string 'ULTRALIBRARIAN#CHP0805AFX_1001ELF#CHP0805AFX_1001ELF' is not at a suitable location
(location: 19.5000, 31.4650)
Text string 'PN' is not at a suitable location
(location: 19.5000, 31.4650)
Text string 'VAL' is not at a suitable location
(location: 19.5000, 31.4650)
Text string 'TOL' is not at a suitable location
(location: 19.5000, 31.4650)
Text string 'ULTRALIBRARIAN#CHP0805AFX_1001ELF#CHP0805AFX_1001ELF' is not at a suitable location
(location: 19.5000, 27.0650)
Text string 'PN' is not at a suitable location
(location: 19.5000, 27.0650)
Text string 'VAL' is not at a suitable location
(location: 19.5000, 27.0650)
Text string 'TOL' is not at a suitable location
(location: 19.5000, 27.0650)
Text string 'ULTRALIBRARIAN#CHP0805AFX_1001ELF#CHP0805AFX_1001ELF' is not at a suitable location
(location: 19.5000, 18.2650)
Text string 'TOL' is not at a suitable location
(location: 19.5000, 18.2650)
Text string 'ULTRALIBRARIAN#CHP0805AFX_1001ELF#CHP0805AFX_1001ELF' is not at a suitable location
(location: 19.5000, 20.4650)
Text string 'PN' is not at a suitable location
(location: 19.5000, 20.4650)
Text string 'VAL' is not at a suitable location
(location: 19.5000, 20.4650)
Text string 'TOL' is not at a suitable location
(location: 19.5000, 20.4650)
Text string 'ULTRALIBRARIAN#CHP0805AFX_1003ELF#CHP0805AFX_1003ELF' is not at a suitable location
(location: 46.8650, 43.5000)
Text string 'VAL' is not at a suitable location
(location: 46.8650, 43.5000)
Text string 'TOL' is not at a suitable location
(location: 46.8650, 43.5000)
Text string 'R8' is not at a suitable location
(location: 46.8650, 38.5000)
Text string 'ULTRALIBRARIAN#CHP0805AFX_1003ELF#CHP0805AFX_1003ELF' is not at a suitable location
(location: 46.8650, 38.5000)
Text string 'PN' is not at a suitable location
(location: 46.8650, 38.5000)
Text string 'VAL' is not at a suitable location
(location: 46.8650, 38.5000)
Text string 'TOL' is not at a suitable location
(location: 46.8650, 38.5000)
Text string 'R9' is not at a suitable location
(location: 46.8650, 33.5000)
Text string 'ULTRALIBRARIAN#CHP0805AFX_1003ELF#CHP0805AFX_1003ELF' is not at a suitable location
(location: 46.8650, 33.5000)
Text string 'PN' is not at a suitable location
(location: 46.8650, 33.5000)
Text string 'VAL' is not at a suitable location
(location: 46.8650, 33.5000)
Text string 'TOL' is not at a suitable location
(location: 46.8650, 33.5000)
Text string 'R25' is not at a suitable location
(location: 46.8650, 28.5000)
Text string 'ULTRALIBRARIAN#CHP0805AFX_1003ELF#CHP0805AFX_1003ELF' is not at a suitable location
(location: 46.8650, 28.5000)
Text string 'PN' is not at a suitable location
(location: 46.8650, 28.5000)
Text string 'VAL' is not at a suitable location
(location: 46.8650, 28.5000)
Text string 'TOL' is not at a suitable location
(location: 46.8650, 28.5000)
Text string 'R26' is not at a suitable location
(location: 46.8650, 23.5000)
Text string 'ULTRALIBRARIAN#CHP0805AFX_1003ELF#CHP0805AFX_1003ELF' is not at a suitable location
(location: 46.8650, 23.5000)
Text string 'PN' is not at a suitable location
(location: 46.8650, 23.5000)
Text string 'VAL' is not at a suitable location
(location: 46.8650, 23.5000)
Text string 'TOL' is not at a suitable location
(location: 46.8650, 23.5000)
Text string 'R27' is not at a suitable location
(location: 46.8650, 18.5000)
Text string 'ULTRALIBRARIAN#CHP0805AFX_1003ELF#CHP0805AFX_1003ELF' is not at a suitable location
(location: 46.8650, 18.5000)
Text string 'VAL' is not at a suitable location
(location: 46.8650, 18.5000)
Text string 'TOL' is not at a suitable location
(location: 46.8650, 18.5000)
Text string 'ULTRALIBRARIAN#CMP0805AFX_1002ELF#CMP0805AFX_1002ELF' is not at a suitable location
(location: 19.5000, 42.4650)
Text string 'TOL' is not at a suitable location
(location: 19.5000, 42.4650)
Text string 'ULTRALIBRARIAN#CMP0805AFX_1002ELF#CMP0805AFX_1002ELF' is not at a suitable location
(location: 19.5000, 40.2650)
Text string 'PN' is not at a suitable location
(location: 19.5000, 40.2650)
Text string 'VAL' is not at a suitable location
(location: 19.5000, 40.2650)
Text string 'TOL' is not at a suitable location
(location: 19.5000, 40.2650)
Text string 'R6' is not at a suitable location
(location: 19.5000, 33.6650)
Text string 'ULTRALIBRARIAN#CMP0805AFX_1002ELF#CMP0805AFX_1002ELF' is not at a suitable location
(location: 19.5000, 33.6650)
Text string 'PN' is not at a suitable location
(location: 19.5000, 33.6650)
Text string 'VAL' is not at a suitable location
(location: 19.5000, 33.6650)
Text string 'TOL' is not at a suitable location
(location: 19.5000, 33.6650)
Text string 'R22' is not at a suitable location
(location: 19.5000, 29.2650)
Text string 'ULTRALIBRARIAN#CMP0805AFX_1002ELF#CMP0805AFX_1002ELF' is not at a suitable location
(location: 19.5000, 29.2650)
Text string 'PN' is not at a suitable location
(location: 19.5000, 29.2650)
Text string 'VAL' is not at a suitable location
(location: 19.5000, 29.2650)
Text string 'TOL' is not at a suitable location
(location: 19.5000, 29.2650)
Text string 'R23' is not at a suitable location
(location: 19.5000, 24.8650)
Text string 'ULTRALIBRARIAN#CMP0805AFX_1002ELF#CMP0805AFX_1002ELF' is not at a suitable location
(location: 19.5000, 24.8650)
Text string 'PN' is not at a suitable location
(location: 19.5000, 24.8650)
Text string 'VAL' is not at a suitable location
(location: 19.5000, 24.8650)
Text string 'TOL' is not at a suitable location
(location: 19.5000, 24.8650)
Text string 'R24' is not at a suitable location
(location: 19.5000, 22.6650)
Text string 'ULTRALIBRARIAN#CMP0805AFX_1002ELF#CMP0805AFX_1002ELF' is not at a suitable location
(location: 19.5000, 22.6650)
Text string 'PN' is not at a suitable location
(location: 19.5000, 22.6650)
Text string 'VAL' is not at a suitable location
(location: 19.5000, 22.6650)
Text string 'TOL' is not at a suitable location
(location: 19.5000, 22.6650)
Text string 'ULTRALIBRARIAN#CMP0805AFX_1002ELF#CMP0805AFX_1002ELF' is not at a suitable location
(location: 51.0000, 43.9642)
Text string 'PN' is not at a suitable location
(location: 51.0000, 43.9642)
Text string 'VAL' is not at a suitable location
(location: 51.0000, 43.9642)
Text string 'TOL' is not at a suitable location
(location: 51.0000, 43.9642)
Text string 'R11' is not at a suitable location
(location: 51.0000, 38.9556)
Text string 'ULTRALIBRARIAN#CMP0805AFX_1002ELF#CMP0805AFX_1002ELF' is not at a suitable location
(location: 51.0000, 38.9556)
Text string 'PN' is not at a suitable location
(location: 51.0000, 38.9556)
Text string 'VAL' is not at a suitable location
(location: 51.0000, 38.9556)
Text string 'TOL' is not at a suitable location
(location: 51.0000, 38.9556)
Text string 'R12' is not at a suitable location
(location: 51.0000, 33.9470)
Text string 'ULTRALIBRARIAN#CMP0805AFX_1002ELF#CMP0805AFX_1002ELF' is not at a suitable location
(location: 51.0000, 33.9470)
Text string 'PN' is not at a suitable location
(location: 51.0000, 33.9470)
Text string 'VAL' is not at a suitable location
(location: 51.0000, 33.9470)
Text string 'TOL' is not at a suitable location
(location: 51.0000, 33.9470)
Text string 'R28' is not at a suitable location
(location: 51.0000, 28.9384)
Text string 'ULTRALIBRARIAN#CMP0805AFX_1002ELF#CMP0805AFX_1002ELF' is not at a suitable location
(location: 51.0000, 28.9384)
Text string 'PN' is not at a suitable location
(location: 51.0000, 28.9384)
Text string 'VAL' is not at a suitable location
(location: 51.0000, 28.9384)
Text string 'TOL' is not at a suitable location
(location: 51.0000, 28.9384)
Text string 'R29' is not at a suitable location
(location: 51.0000, 23.9298)
Text string 'ULTRALIBRARIAN#CMP0805AFX_1002ELF#CMP0805AFX_1002ELF' is not at a suitable location
(location: 51.0000, 23.9298)
Text string 'PN' is not at a suitable location
(location: 51.0000, 23.9298)
Text string 'VAL' is not at a suitable location
(location: 51.0000, 23.9298)
Text string 'TOL' is not at a suitable location
(location: 51.0000, 23.9298)
Text string 'R30' is not at a suitable location
(location: 51.0000, 18.9212)
Text string 'ULTRALIBRARIAN#CMP0805AFX_1002ELF#CMP0805AFX_1002ELF' is not at a suitable location
(location: 51.0000, 18.9212)
Text string 'PN' is not at a suitable location
(location: 51.0000, 18.9212)
Text string 'VAL' is not at a suitable location
(location: 51.0000, 18.9212)
Text string 'TOL' is not at a suitable location
(location: 51.0000, 18.9212)
Text string 'R13' is not at a suitable location
(location: 57.8650, 47.0000)
Text string 'ULTRALIBRARIAN#ERJ_P06J621V#ERJ_P06J621V' is not at a suitable location
(location: 57.8650, 47.0000)
Text string 'PN' is not at a suitable location
(location: 57.8650, 47.0000)
Text string 'VAL' is not at a suitable location
(location: 57.8650, 47.0000)
Text string 'TOL' is not at a suitable location
(location: 57.8650, 47.0000)
Text string 'R15' is not at a suitable location
(location: 60.8650, 47.0000)
Text string 'ULTRALIBRARIAN#ERJ_P06J621V#ERJ_P06J621V' is not at a suitable location
(location: 60.8650, 47.0000)
Text string 'PN' is not at a suitable location
(location: 60.8650, 47.0000)
Text string 'VAL' is not at a suitable location
(location: 60.8650, 47.0000)
Text string 'TOL' is not at a suitable location
(location: 60.8650, 47.0000)
Text string 'R17' is not at a suitable location
(location: 63.8650, 47.0000)
Text string 'ULTRALIBRARIAN#ERJ_P06J621V#ERJ_P06J621V' is not at a suitable location
(location: 63.8650, 47.0000)
Text string 'PN' is not at a suitable location
(location: 63.8650, 47.0000)
Text string 'VAL' is not at a suitable location
(location: 63.8650, 47.0000)
Text string 'TOL' is not at a suitable location
(location: 63.8650, 47.0000)
Text string 'R31' is not at a suitable location
(location: 66.8650, 47.0000)
Text string 'ULTRALIBRARIAN#ERJ_P06J621V#ERJ_P06J621V' is not at a suitable location
(location: 66.8650, 47.0000)
Text string 'PN' is not at a suitable location
(location: 66.8650, 47.0000)
Text string 'VAL' is not at a suitable location
(location: 66.8650, 47.0000)
Text string 'TOL' is not at a suitable location
(location: 66.8650, 47.0000)
Text string 'R33' is not at a suitable location
(location: 69.8650, 47.0000)
Text string 'ULTRALIBRARIAN#ERJ_P06J621V#ERJ_P06J621V' is not at a suitable location
(location: 69.8650, 47.0000)
Text string 'PN' is not at a suitable location
(location: 69.8650, 47.0000)
Text string 'VAL' is not at a suitable location
(location: 69.8650, 47.0000)
Text string 'TOL' is not at a suitable location
(location: 69.8650, 47.0000)
Text string 'R35' is not at a suitable location
(location: 72.8650, 47.0000)
Text string 'ULTRALIBRARIAN#ERJ_P06J621V#ERJ_P06J621V' is not at a suitable location
(location: 72.8650, 47.0000)
Text string 'PN' is not at a suitable location
(location: 72.8650, 47.0000)
Text string 'VAL' is not at a suitable location
(location: 72.8650, 47.0000)
Text string 'TOL' is not at a suitable location
(location: 72.8650, 47.0000)
Text string 'C1' is not at a suitable location
(location: 51.0000, 42.7299)
Text string 'ULTRALIBRARIAN#CL21C221JBANNNC#CL21C221JBANNNC' is not at a suitable location
(location: 51.0000, 42.7299)
Text string 'PN' is not at a suitable location
(location: 51.0000, 42.7299)
Text string 'VAL' is not at a suitable location
(location: 51.0000, 42.7299)
Text string 'TOL' is not at a suitable location
(location: 51.0000, 42.7299)
Text string 'C2' is not at a suitable location
(location: 51.0000, 37.7213)
Text string 'ULTRALIBRARIAN#CL21C221JBANNNC#CL21C221JBANNNC' is not at a suitable location
(location: 51.0000, 37.7213)
Text string 'PN' is not at a suitable location
(location: 51.0000, 37.7213)
Text string 'VAL' is not at a suitable location
(location: 51.0000, 37.7213)
Text string 'TOL' is not at a suitable location
(location: 51.0000, 37.7213)
Text string 'C3' is not at a suitable location
(location: 51.0000, 32.7127)
Text string 'ULTRALIBRARIAN#CL21C221JBANNNC#CL21C221JBANNNC' is not at a suitable location
(location: 51.0000, 32.7127)
Text string 'PN' is not at a suitable location
(location: 51.0000, 32.7127)
Text string 'VAL' is not at a suitable location
(location: 51.0000, 32.7127)
Text string 'TOL' is not at a suitable location
(location: 51.0000, 32.7127)
Text string 'C4' is not at a suitable location
(location: 51.0000, 27.7041)
Text string 'ULTRALIBRARIAN#CL21C221JBANNNC#CL21C221JBANNNC' is not at a suitable location
(location: 51.0000, 27.7041)
Text string 'PN' is not at a suitable location
(location: 51.0000, 27.7041)
Text string 'VAL' is not at a suitable location
(location: 51.0000, 27.7041)
Text string 'TOL' is not at a suitable location
(location: 51.0000, 27.7041)
Text string 'C5' is not at a suitable location
(location: 51.0000, 22.6955)
Text string 'ULTRALIBRARIAN#CL21C221JBANNNC#CL21C221JBANNNC' is not at a suitable location
(location: 51.0000, 22.6955)
Text string 'PN' is not at a suitable location
(location: 51.0000, 22.6955)
Text string 'VAL' is not at a suitable location
(location: 51.0000, 22.6955)
Text string 'TOL' is not at a suitable location
(location: 51.0000, 22.6955)
Text string 'ULTRALIBRARIAN#CL21C221JBANNNC#CL21C221JBANNNC' is not at a suitable location
(location: 51.0000, 17.6869)
Text string 'VAL' is not at a suitable location
(location: 51.0000, 17.6869)
Text string 'TOL' is not at a suitable location
(location: 51.0000, 17.6869)

     ----- Bottom Silkscreen -----


Total Failures: 246

Log End

