Wed Nov 26 15:26:46 2025				Page     1


 
Update Symbols/Modules Logfile
	Wed Nov 26 15:26:46 2025

------ Module Refresh Messages ------

SUMMARY:    Updated 0 out of 0 modules

------ End Module Messages     ------



(---------------------------------------------------------------------)
(                                                                     )
(    Refresh Symbol                                                   )
(                                                                     )
(    Drawing          : V1.brd                                        )
(    Software Version : 25.1P001                                      )
(    Date/Time        : Wed Nov 26 15:26:46 2025                      )
(                                                                     )
(---------------------------------------------------------------------)


Wed Nov 26 15:26:46 2025				Page     1


------ Symbol Refresh Directives ------

Input design  = 'C:/ECAD/Formula_Trinity_ECAD/safety_circuit_25-26/output/safety_circuit_25#2d26/physical/V1.brd'
Output design = ''

Update mechanical symbols              = 'NO'
Update format symbols                  = 'NO'
Update package symbols                 = 'YES'
Update shape/flash symbols             = 'NO'
Update symbol padstacks                = 'NO'
Preserve padstacks replaced on pins    = 'NO'
Reset symbol text and size locations   = 'YES'
Reset Pin Escapes (fanouts)            = 'NO'
Ripup Etch                             = 'NO'
Reset custom drill data                = 'NO'


------ Library Paths ------
PSMPATH =  . 
           symbols 
           .. 
           ../symbols 
           C:/Cadence/SPB_25.1/share/local/pcb/symbols 
           C:/Cadence/SPB_25.1/share/pcb/pcb_lib/symbols 
           C:/Cadence/SPB_25.1/share/pcb/allegrolib/symbols 
           C:/SPB_Data/downloaded_parts/allegropcb 

PADPATH =  . 
           symbols 
           .. 
           ../symbols 
           C:/Cadence/SPB_25.1/share/local/pcb/padstacks 
           C:/Cadence/SPB_25.1/share/pcb/pcb_lib/symbols 
           C:/Cadence/SPB_25.1/share/pcb/allegrolib/symbols 
           C:/SPB_Data/downloaded_parts/allegropcb 


------ Symbol Refresh Messages ------

'CAP_CL21_SAM'  symbol refreshed successfully.
'0805_PAN'  symbol refreshed successfully.
'RES_CMP0805_BRN'  symbol refreshed successfully.
'RES_CHP0805_BRN'  symbol refreshed successfully.
'SOT23_FAS'  symbol refreshed successfully.
'SMD-4-OPT7_VO618A_VIS'  symbol refreshed successfully.
'RES_CMF07_VIS'  symbol refreshed successfully.
'LED_WL-SMCW-SMT_0603_WRE'  symbol refreshed successfully.
'CONN_SD-39773-001_08P_MOL'  symbol refreshed successfully.


----- Symbol Update Summary ----

Updated symbols: 9 out 9
    Design updated.

