	(Comment
		(Time 03/18/11,10:28:48)
		(User allegro_ws)
		(MsgId ECO_332)
		(Text "Revision for symbol sym_1 has been updated to 1.0.0")
		(Param1 sym_1)
		(Param2 1.0.0)
	)
	(Comment
		(Time 03/18/11,10:28:48)
		(User allegro_ws)
		(MsgId ECO_331)
		(Text "Revision for cell b_size_page has been updated to 1.0.0")
		(Param1 b_size_page)
		(Param2 1.0.0)
	)
	(Comment
		(Time 09/13/12,05:46:22)
		(User chimike)
		(MsgId ECO_086)
		(Text "Property CUSTOM_TXT_CDS of symbol sym_1 modified from <CURRENT_DESIGN_SHEET> OF <TOTAL_DESIGN_SHEETS> to <CON_LAST_MODIFIED>")
		(Param1 CUSTOM_TXT_CDS)
		(Param2 sym_1)
		(Param3 <CURRENT_DESIGN_SHEET> OF <TOTAL_DESIGN_SHEETS>)
		(Param4 <CON_LAST_MODIFIED>)
	)
	(Comment
		(Time 09/13/12,05:46:22)
		(User chimike)
		(MsgId ECO_086)
		(Text "Property CUSTOM_TXT_CDS of symbol sym_1 modified from <CON_DESIGN_NAME> to <CON_LAST_MODIFIED>")
		(Param1 CUSTOM_TXT_CDS)
		(Param2 sym_1)
		(Param3 <CON_DESIGN_NAME>)
		(Param4 <CON_LAST_MODIFIED>)
	)
	(Comment
		(Time 09/13/12,05:46:22)
		(User chimike)
		(MsgId ECO_086)
		(Text "Property CUSTOM_TXT_CDS of symbol sym_1 modified from <ENGINEER> to <CON_LAST_MODIFIED>")
		(Param1 CUSTOM_TXT_CDS)
		(Param2 sym_1)
		(Param3 <ENGINEER>)
		(Param4 <CON_LAST_MODIFIED>)
	)
	(Comment
		(Time 09/13/12,05:46:22)
		(User chimike)
		(MsgId ECO_094)
		(Text "Graphics in symbol  modified")
		(Param1 )
	)
	(Comment
		(Time 09/13/12,05:46:22)
		(User chimike)
		(MsgId ECO_332)
		(Text "Revision for symbol sym_1 has been updated to 1.1.0")
		(Param1 sym_1)
		(Param2 1.1.0)
	)
	(Comment
		(Time 09/13/12,05:46:22)
		(User chimike)
		(MsgId ECO_331)
		(Text "Revision for cell b_size_page has been updated to 1.1.0")
		(Param1 b_size_page)
		(Param2 1.1.0)
	)
