(Cell	a size page

	(RevisionInfoBlock	

		(Baselined	1)

		(Revision	1.0.0)

		(ModificationStatus	NULL)

		(Status	Baselined)

		(ErrorStatus	1)

		(CreateInfo	

			(Time	03/06/05,16:31:16)

			(User	sureshg)

			(Path	standard.a size page)

		)

	)

	(Views	

		(View	Symbol

			(Symbols	1

				(Symbol	sym_1

					(Symbol_Type	Normal)

					(Max_Size	0)

					(Checksum	00000000525e242e)

					(RevisionInfoBlock	

						(Baselined	1)

						(Revision	1.0.0)

						(ModificationStatus	NULL)

						(Status	Baselined)

						(ErrorStatus	1)

						(CreateInfo	

							(Time	03/06/05,16:31:16)

							(User	sureshg)

							(Path	standard.a size page)

						)

					)

				)

			)

			(Checksum	000000001b3a037f)

		)

		(Checksum	000000001c4a03a8)

	)

	(VersionInfoBlock	

		(ToolName	PDV)

		(Version	15.50-d029)

		(License	PCB_librarian_expert)

	)

	(Checksum	000000001c7d03a6)

)


