(Cell	a size toc page

	(RevisionInfoBlock	

		(Baselined	1)

		(Revision	1.0.0)

		(ModificationStatus	NULL)

		(Status	Baselined)

		(ErrorStatus	0)

		(CreateInfo	

			(Time	09/26/08,07:11:43)

			(User	sureshg)

			(Path	standard.a size toc page)

		)

	)

	(Views	

		(View	Symbol

			(Symbols	1

				(Symbol	sym_1

					(Symbol_Type	Normal)

					(Max_Size	0)

					(Checksum	0000000031da1027)

					(RevisionInfoBlock	

						(Baselined	1)

						(Revision	1.0.0)

						(ModificationStatus	NULL)

						(Status	Baselined)

						(ErrorStatus	0)

						(CreateInfo	

							(Time	09/26/08,07:11:43)

							(User	sureshg)

							(Path	standard.a size toc page)

						)

					)

				)

			)

			(Checksum	000000001beb0374)

		)

		(Checksum	000000001d4903a9)

	)

	(VersionInfoBlock	

		(ToolName	PDV)

		(Version	16.2-B10 (v16-2-56A))

		(License	PCB_librarian_expert)

	)

	(Checksum	000000001bbd0380)

)


